<?xml version="1.0" encoding="UTF-8"?>
<!-- Generated by org.testng.reporters.JUnitXMLReporter -->
<testsuite ignored="0" hostname="LAPTOP-UVI8TRVM" failures="0" tests="3" name="Default test" time="8.575" errors="0" timestamp="2021-10-25T15:18:18 IST">
  <testcase classname="TestNG.Differentsites" name="OpenGoogle" time="2.373"/>
  <testcase classname="TestNG.Differentsites" name="OpenTestLeaf" time="1.197"/>
  <testcase classname="TestNG.Differentsites" name="OpenyouTube" time="4.955"/>
</testsuite> <!-- Default test -->
