<?xml version="1.0" encoding="UTF-8"?>
<!-- Generated by org.testng.reporters.JUnitXMLReporter -->
<testsuite ignored="2" hostname="LAPTOP-UVI8TRVM" failures="0" tests="23" name="Testing" time="34.149" errors="0" timestamp="2021-10-25T15:40:56 IST">
  <testcase classname="TestNG.AssertExample2" name="EditField" time="5.53"/>
  <testcase classname="TestNG.AssertExample2" name="email" time="0.229"/>
  <testcase classname="TestNG.test1" name="f" time="0.001"/>
  <testcase classname="TestNG.Differentsites" name="OpenGoogle" time="6.301"/>
  <testcase classname="TestNG.Differentsites" name="OpenTestLeaf" time="3.124"/>
  <testcase classname="TestNG.Differentsites" name="OpenyouTube" time="5.854"/>
  <testcase classname="TestNG.Demo" name="run" time="0.001"/>
  <testcase classname="TestNG.Demo" name="test" time="0.001"/>
  <testcase classname="TestNG.NewTest" name="f" time="0.001"/>
  <testcase classname="TestNG.TestDependencies" name="testThree" time="0.0"/>
  <testcase classname="TestNG.TestDependencies" name="testTwo" time="0.002"/>
  <testcase classname="TestNG.TestDependencies" name="testOne" time="0.001"/>
  <testcase classname="TestNG.Seleniumtesting" name="EditField" time="12.782"/>
  <testcase classname="TestNG.Seleniumtesting" name="f" time="0.21"/>
  <testcase classname="TestNG.DriveaCar" name="startTheCar" time="0.001"/>
  <testcase classname="TestNG.DriveaCar" name="firstGear" time="0.0"/>
  <testcase classname="TestNG.DriveaCar" name="SecondGear" time="0.002"/>
  <testcase classname="TestNG.DriveaCar" name="ThirdGear" time="0.001"/>
  <testcase classname="TestNG.DriveaCar" name="music" time="0.002"/>
  <testcase classname="TestNG.DriveaCar" name="Breakandidle" time="0.001"/>
  <testcase classname="TestNG.DriveaCar" name="reverse" time="0.001"/>
  <testcase classname="TestNG.DriveaCar" name="Stop" time="0.0"/>
  <testcase classname="TestNG.AssertExample" name="hello" time="0.002"/>
  <testcase classname="TestNG.DriveaCar" name="Petrol" time="0.0">
    <ignored/>
  </testcase> <!-- Petrol -->
  <testcase classname="TestNG.DriveaCar" name="Ac" time="0.0">
    <ignored/>
  </testcase> <!-- Ac -->
</testsuite> <!-- Testing -->
